\BOOKMARK [0][-]{titulo.0}{P\341gina de T\355tulo}{}% 1
\BOOKMARK [0][-]{dedicatoria.0}{Dedicatoria}{}% 2
\BOOKMARK [0][-]{chapter*.1}{Agradecimientos}{}% 3
\BOOKMARK [0][-]{chapter*.2}{Resumen}{}% 4
\BOOKMARK [0][-]{indices.0}{\315ndices}{}% 5
\BOOKMARK [1][-]{tabla de contenidos.1}{Tabla de contenidos}{indices.0}% 6
\BOOKMARK [1][-]{indice de figuras.1}{\315ndice de figuras}{indices.0}% 7
\BOOKMARK [1][-]{indice de tablas.1}{\315ndice de tablas}{indices.0}% 8
\BOOKMARK [0][-]{chapter.1}{Introducci\363n}{}% 9
\BOOKMARK [1][-]{section.1.1}{Antecedentes}{chapter.1}% 10
\BOOKMARK [1][-]{section.1.2}{Motivaci\363n}{chapter.1}% 11
\BOOKMARK [1][-]{section.1.3}{Alcance}{chapter.1}% 12
\BOOKMARK [0][-]{chapter.2}{Estado del Arte}{}% 13
\BOOKMARK [1][-]{section.2.1}{Estado del Arte}{chapter.2}% 14
\BOOKMARK [1][-]{section.2.2}{Estado del Arte parte 2}{chapter.2}% 15
\BOOKMARK [1][-]{section.2.2}{Notas bibliogr\341ficas}{chapter.2}% 16
\BOOKMARK [1][-]{section.2.2}{En el pr\363ximo cap\355tulo}{chapter.2}% 17
\BOOKMARK [0][-]{chapter.3}{Funcionalidad y Requisitos}{}% 18
\BOOKMARK [1][-]{section.3.1}{Funcionalidad y Requisitos}{chapter.3}% 19
\BOOKMARK [1][-]{section.3.1}{Notas bibliogr\341ficas}{chapter.3}% 20
\BOOKMARK [1][-]{section.3.1}{En el pr\363ximo cap\355tulo}{chapter.3}% 21
\BOOKMARK [0][-]{chapter.4}{Estado del Arte}{}% 22
\BOOKMARK [1][-]{section.4.1}{Estado del Arte}{chapter.4}% 23
\BOOKMARK [1][-]{section.4.1}{Notas bibliogr\341ficas}{chapter.4}% 24
\BOOKMARK [1][-]{section.4.1}{En el pr\363ximo cap\355tulo}{chapter.4}% 25
\BOOKMARK [0][-]{chapter.5}{Estado del Arte}{}% 26
\BOOKMARK [1][-]{section.5.1}{Estado del Arte}{chapter.5}% 27
\BOOKMARK [1][-]{section.5.1}{Notas bibliogr\341ficas}{chapter.5}% 28
\BOOKMARK [1][-]{section.5.1}{En el pr\363ximo cap\355tulo}{chapter.5}% 29
\BOOKMARK [0][-]{chapter.6}{Estado del Arte}{}% 30
\BOOKMARK [1][-]{section.6.1}{Estado del Arte}{chapter.6}% 31
\BOOKMARK [1][-]{section.6.1}{Notas bibliogr\341ficas}{chapter.6}% 32
\BOOKMARK [1][-]{section.6.1}{En el pr\363ximo cap\355tulo}{chapter.6}% 33
\BOOKMARK [0][-]{chapter.7}{Estado del Arte}{}% 34
\BOOKMARK [1][-]{section.7.1}{Estado del Arte}{chapter.7}% 35
\BOOKMARK [1][-]{section.7.1}{Notas bibliogr\341ficas}{chapter.7}% 36
\BOOKMARK [1][-]{section.7.1}{En el pr\363ximo cap\355tulo}{chapter.7}% 37
\BOOKMARK [0][-]{chapter.8}{Estado del Arte}{}% 38
\BOOKMARK [1][-]{section.8.1}{Estado del Arte}{chapter.8}% 39
\BOOKMARK [1][-]{section.8.1}{Notas bibliogr\341ficas}{chapter.8}% 40
\BOOKMARK [1][-]{section.8.1}{En el pr\363ximo cap\355tulo}{chapter.8}% 41
\BOOKMARK [0][-]{appendix.Alph1}{As\355 se hizo...}{}% 42
\BOOKMARK [1][-]{section.Alph1.1}{Introducci\363n}{appendix.Alph1}% 43
\BOOKMARK [0][-]{appendix*.6}{Bibliograf\355a}{}% 44
\BOOKMARK [0][-]{fin.0}{Fin}{}% 45
